# JRE version: OpenJDK Runtime Environment (7.0_55-b14) (build 1.7.0_55-b14)
# Java VM: OpenJDK 64-Bit Server VM (24.51-b03 mixed mode linux-amd64 compressed oops)
Heap
 PSYoungGen      total 142848K, used 59712K [0x00000000f5500000, 0x0000000100000000, 0x0000000100000000)
  eden space 113664K, 43% used [0x00000000f5500000,0x00000000f8556c78,0x00000000fc400000)
  from space 29184K, 34% used [0x00000000fc400000,0x00000000fcdf9478,0x00000000fe080000)
  to   space 28672K, 0% used [0x00000000fe400000,0x00000000fe400000,0x0000000100000000)
 ParOldGen       total 125952K, used 96404K [0x00000000e0000000, 0x00000000e7b00000, 0x00000000f5500000)
  object space 125952K, 76% used [0x00000000e0000000,0x00000000e5e253d8,0x00000000e7b00000)
 PSPermGen       total 140288K, used 101035K [0x00000000d0000000, 0x00000000d8900000, 0x00000000e0000000)
  object space 140288K, 72% used [0x00000000d0000000,0x00000000d62aae98,0x00000000d8900000)
GC Heap History (10 events):
Event: 53.625 GC heap before
{Heap before GC invocations=45 (full 4):
 PSYoungGen      total 138240K, used 121240K [0x00000000f5500000, 0x00000000ffc80000, 0x0000000100000000)
  eden space 109056K, 100% used [0x00000000f5500000,0x00000000fbf80000,0x00000000fbf80000)
  from space 29184K, 41% used [0x00000000fe000000,0x00000000febe63a0,0x00000000ffc80000)
  to   space 31232K, 0% used [0x00000000fbf80000,0x00000000fbf80000,0x00000000fde00000)
 ParOldGen       total 125952K, used 85765K [0x00000000e0000000, 0x00000000e7b00000, 0x00000000f5500000)
  object space 125952K, 68% used [0x00000000e0000000,0x00000000e53c1508,0x00000000e7b00000)
 PSPermGen       total 140288K, used 95998K [0x00000000d0000000, 0x00000000d8900000, 0x00000000e0000000)
  object space 140288K, 68% used [0x00000000d0000000,0x00000000d5dbf888,0x00000000d8900000)
Event: 53.633 GC heap after
Heap after GC invocations=45 (full 4):
 PSYoungGen      total 140288K, used 15835K [0x00000000f5500000, 0x0000000100000000, 0x0000000100000000)
  eden space 109056K, 0% used [0x00000000f5500000,0x00000000f5500000,0x00000000fbf80000)
  from space 31232K, 50% used [0x00000000fbf80000,0x00000000fcef6c10,0x00000000fde00000)
  to   space 30208K, 0% used [0x00000000fe280000,0x00000000fe280000,0x0000000100000000)
 ParOldGen       total 125952K, used 85765K [0x00000000e0000000, 0x00000000e7b00000, 0x00000000f5500000)
  object space 125952K, 68% used [0x00000000e0000000,0x00000000e53c1508,0x00000000e7b00000)
 PSPermGen       total 140288K, used 95998K [0x00000000d0000000, 0x00000000d8900000, 0x00000000e0000000)
  object space 140288K, 68% used [0x00000000d0000000,0x00000000d5dbf888,0x00000000d8900000)
}
Event: 53.789 GC heap before
{Heap before GC invocations=46 (full 4):
 PSYoungGen      total 140288K, used 124891K [0x00000000f5500000, 0x0000000100000000, 0x0000000100000000)
  eden space 109056K, 100% used [0x00000000f5500000,0x00000000fbf80000,0x00000000fbf80000)
  from space 31232K, 50% used [0x00000000fbf80000,0x00000000fcef6c10,0x00000000fde00000)
  to   space 30208K, 0% used [0x00000000fe280000,0x00000000fe280000,0x0000000100000000)
 ParOldGen       total 125952K, used 85765K [0x00000000e0000000, 0x00000000e7b00000, 0x00000000f5500000)
  object space 125952K, 68% used [0x00000000e0000000,0x00000000e53c1508,0x00000000e7b00000)
 PSPermGen       total 140288K, used 95998K [0x00000000d0000000, 0x00000000d8900000, 0x00000000e0000000)
  object space 140288K, 68% used [0x00000000d0000000,0x00000000d5dbf888,0x00000000d8900000)
Event: 53.802 GC heap after
Heap after GC invocations=46 (full 4):
 PSYoungGen      total 142848K, used 22044K [0x00000000f5500000, 0x0000000100000000, 0x0000000100000000)
  eden space 112640K, 0% used [0x00000000f5500000,0x00000000f5500000,0x00000000fc300000)
  from space 30208K, 72% used [0x00000000fe280000,0x00000000ff807118,0x0000000100000000)
  to   space 31232K, 0% used [0x00000000fc300000,0x00000000fc300000,0x00000000fe180000)
 ParOldGen       total 125952K, used 91084K [0x00000000e0000000, 0x00000000e7b00000, 0x00000000f5500000)
  object space 125952K, 72% used [0x00000000e0000000,0x00000000e58f30d8,0x00000000e7b00000)
 PSPermGen       total 140288K, used 95998K [0x00000000d0000000, 0x00000000d8900000, 0x00000000e0000000)
  object space 140288K, 68% used [0x00000000d0000000,0x00000000d5dbf888,0x00000000d8900000)
}
Event: 54.165 GC heap before
{Heap before GC invocations=47 (full 4):
 PSYoungGen      total 142848K, used 134684K [0x00000000f5500000, 0x0000000100000000, 0x0000000100000000)
  eden space 112640K, 100% used [0x00000000f5500000,0x00000000fc300000,0x00000000fc300000)
  from space 30208K, 72% used [0x00000000fe280000,0x00000000ff807118,0x0000000100000000)
  to   space 31232K, 0% used [0x00000000fc300000,0x00000000fc300000,0x00000000fe180000)
 ParOldGen       total 125952K, used 91084K [0x00000000e0000000, 0x00000000e7b00000, 0x00000000f5500000)
  object space 125952K, 72% used [0x00000000e0000000,0x00000000e58f30d8,0x00000000e7b00000)
 PSPermGen       total 140288K, used 96184K [0x00000000d0000000, 0x00000000d8900000, 0x00000000e0000000)
  object space 140288K, 68% used [0x00000000d0000000,0x00000000d5dee260,0x00000000d8900000)
Event: 54.177 GC heap after
Heap after GC invocations=47 (full 4):
 PSYoungGen      total 143872K, used 12770K [0x00000000f5500000, 0x00000000fff00000, 0x0000000100000000)
  eden space 112640K, 0% used [0x00000000f5500000,0x00000000f5500000,0x00000000fc300000)
  from space 31232K, 40% used [0x00000000fc300000,0x00000000fcf78ab0,0x00000000fe180000)
  to   space 30208K, 0% used [0x00000000fe180000,0x00000000fe180000,0x00000000fff00000)
 ParOldGen       total 125952K, used 91772K [0x00000000e0000000, 0x00000000e7b00000, 0x00000000f5500000)
  object space 125952K, 72% used [0x00000000e0000000,0x00000000e599f180,0x00000000e7b00000)
 PSPermGen       total 140288K, used 96184K [0x00000000d0000000, 0x00000000d8900000, 0x00000000e0000000)
  object space 140288K, 68% used [0x00000000d0000000,0x00000000d5dee260,0x00000000d8900000)
}
Event: 54.720 GC heap before
{Heap before GC invocations=48 (full 4):
 PSYoungGen      total 143872K, used 125410K [0x00000000f5500000, 0x00000000fff00000, 0x0000000100000000)
  eden space 112640K, 100% used [0x00000000f5500000,0x00000000fc300000,0x00000000fc300000)
  from space 31232K, 40% used [0x00000000fc300000,0x00000000fcf78ab0,0x00000000fe180000)
  to   space 30208K, 0% used [0x00000000fe180000,0x00000000fe180000,0x00000000fff00000)
 ParOldGen       total 125952K, used 91772K [0x00000000e0000000, 0x00000000e7b00000, 0x00000000f5500000)
  object space 125952K, 72% used [0x00000000e0000000,0x00000000e599f180,0x00000000e7b00000)
 PSPermGen       total 140288K, used 96184K [0x00000000d0000000, 0x00000000d8900000, 0x00000000e0000000)
  object space 140288K, 68% used [0x00000000d0000000,0x00000000d5dee348,0x00000000d8900000)
Event: 54.746 GC heap after
Heap after GC invocations=48 (full 4):
 PSYoungGen      total 141824K, used 12972K [0x00000000f5500000, 0x00000000ffd00000, 0x0000000100000000)
  eden space 113664K, 0% used [0x00000000f5500000,0x00000000f5500000,0x00000000fc400000)
  from space 28160K, 46% used [0x00000000fe180000,0x00000000fee2b070,0x00000000ffd00000)
  to   space 29184K, 0% used [0x00000000fc400000,0x00000000fc400000,0x00000000fe080000)
 ParOldGen       total 125952K, used 94115K [0x00000000e0000000, 0x00000000e7b00000, 0x00000000f5500000)
  object space 125952K, 74% used [0x00000000e0000000,0x00000000e5be8c48,0x00000000e7b00000)
 PSPermGen       total 140288K, used 96184K [0x00000000d0000000, 0x00000000d8900000, 0x00000000e0000000)
  object space 140288K, 68% used [0x00000000d0000000,0x00000000d5dee348,0x00000000d8900000)
}
Event: 84.564 GC heap before
{Heap before GC invocations=49 (full 4):
 PSYoungGen      total 141824K, used 126635K [0x00000000f5500000, 0x00000000ffd00000, 0x0000000100000000)
  eden space 113664K, 99% used [0x00000000f5500000,0x00000000fc3ffcc0,0x00000000fc400000)
  from space 28160K, 46% used [0x00000000fe180000,0x00000000fee2b070,0x00000000ffd00000)
  to   space 29184K, 0% used [0x00000000fc400000,0x00000000fc400000,0x00000000fe080000)
 ParOldGen       total 125952K, used 94115K [0x00000000e0000000, 0x00000000e7b00000, 0x00000000f5500000)
  object space 125952K, 74% used [0x00000000e0000000,0x00000000e5be8c48,0x00000000e7b00000)
 PSPermGen       total 140288K, used 100182K [0x00000000d0000000, 0x00000000d8900000, 0x00000000e0000000)
  object space 140288K, 71% used [0x00000000d0000000,0x00000000d61d59e8,0x00000000d8900000)
Event: 84.577 GC heap after
Heap after GC invocations=49 (full 4):
 PSYoungGen      total 142848K, used 10213K [0x00000000f5500000, 0x0000000100000000, 0x0000000100000000)
  eden space 113664K, 0% used [0x00000000f5500000,0x00000000f5500000,0x00000000fc400000)
  from space 29184K, 34% used [0x00000000fc400000,0x00000000fcdf9478,0x00000000fe080000)
  to   space 28672K, 0% used [0x00000000fe400000,0x00000000fe400000,0x0000000100000000)
 ParOldGen       total 125952K, used 96404K [0x00000000e0000000, 0x00000000e7b00000, 0x00000000f5500000)
  object space 125952K, 76% used [0x00000000e0000000,0x00000000e5e253d8,0x00000000e7b00000)
 PSPermGen       total 140288K, used 100182K [0x00000000d0000000, 0x00000000d8900000, 0x00000000e0000000)
  object space 140288K, 71% used [0x00000000d0000000,0x00000000d61d59e8,0x00000000d8900000)
}

